Compiling the C compiler identification source file "CMakeCCompilerId.c" failed.
Compiler: //usr/local/bin/eosio-cc 
Build flags: ;-O3;
Id flags:  

The output was:
255
/usr/local/Cellar/eosio.cdt/1.7.0/opt/eosio.cdt/bin/wasm-ld: error: fatal failure: contract with no actions and trying to create dispatcher


Compiling the CXX compiler identification source file "CMakeCXXCompilerId.cpp" failed.
Compiler: //usr/local/bin/eosio-cpp 
Build flags: ;-O3;
Id flags:  

The output was:
255
/usr/local/Cellar/eosio.cdt/1.7.0/opt/eosio.cdt/bin/wasm-ld: error: fatal failure: contract with no actions and trying to create dispatcher


Detecting C compiler ABI info failed to compile with the following output:
Change Dir: /Users/jesse/repos/telos-distribute/build/libs/CMakeFiles/CMakeTmp

Run Build Command(s):/usr/bin/make -f Makefile cmTC_4565d/fast && /Applications/Xcode.app/Contents/Developer/usr/bin/make  -f CMakeFiles/cmTC_4565d.dir/build.make CMakeFiles/cmTC_4565d.dir/build
Building C object CMakeFiles/cmTC_4565d.dir/CMakeCCompilerABI.c.obj
//usr/local/bin/eosio-cc   -O3     -v -MD -MT CMakeFiles/cmTC_4565d.dir/CMakeCCompilerABI.c.obj -MF CMakeFiles/cmTC_4565d.dir/CMakeCCompilerABI.c.obj.d -o CMakeFiles/cmTC_4565d.dir/CMakeCCompilerABI.c.obj -c /opt/homebrew/Cellar/cmake/3.22.1/share/cmake/Modules/CMakeCCompilerABI.c
clang version 7.0.0 (https://github.com/eosio/clang.git 6b886302a11a8419b76e469794ff9d0c531a4b4b) (https://github.com/eosio/llvm 3c026f8b7813ad693749d3551353a554c5ca33e7)
Target: x86_64-apple-darwin21.1.0
Thread model: posix
InstalledDir: /usr/local/Cellar/eosio.cdt/1.7.0/opt/eosio.cdt/bin
Linking C executable cmTC_4565d.wasm
/opt/homebrew/Cellar/cmake/3.22.1/bin/cmake -E cmake_link_script CMakeFiles/cmTC_4565d.dir/link.txt --verbose=1
//usr/local/bin/eosio-ld  -v CMakeFiles/cmTC_4565d.dir/CMakeCCompilerABI.c.obj -o cmTC_4565d.wasm 
eosio-ld: Unknown command line argument '-v'.  Try: '//usr/local/bin/eosio-ld -help'
eosio-ld: Did you mean '-L'?
make[4]: *** [cmTC_4565d.wasm] Error 1
make[3]: *** [cmTC_4565d/fast] Error 2




Detecting CXX compiler ABI info failed to compile with the following output:
Change Dir: /Users/jesse/repos/telos-distribute/build/libs/CMakeFiles/CMakeTmp

Run Build Command(s):/usr/bin/make -f Makefile cmTC_bce16/fast && /Applications/Xcode.app/Contents/Developer/usr/bin/make  -f CMakeFiles/cmTC_bce16.dir/build.make CMakeFiles/cmTC_bce16.dir/build
Building CXX object CMakeFiles/cmTC_bce16.dir/CMakeCXXCompilerABI.cpp.obj
//usr/local/bin/eosio-cpp   -O3     -v -MD -MT CMakeFiles/cmTC_bce16.dir/CMakeCXXCompilerABI.cpp.obj -MF CMakeFiles/cmTC_bce16.dir/CMakeCXXCompilerABI.cpp.obj.d -o CMakeFiles/cmTC_bce16.dir/CMakeCXXCompilerABI.cpp.obj -c /opt/homebrew/Cellar/cmake/3.22.1/share/cmake/Modules/CMakeCXXCompilerABI.cpp
clang version 7.0.0 (https://github.com/eosio/clang.git 6b886302a11a8419b76e469794ff9d0c531a4b4b) (https://github.com/eosio/llvm 3c026f8b7813ad693749d3551353a554c5ca33e7)
Target: x86_64-apple-darwin21.1.0
Thread model: posix
InstalledDir: /usr/local/Cellar/eosio.cdt/1.7.0/opt/eosio.cdt/bin
Linking CXX executable cmTC_bce16.wasm
/opt/homebrew/Cellar/cmake/3.22.1/bin/cmake -E cmake_link_script CMakeFiles/cmTC_bce16.dir/link.txt --verbose=1
//usr/local/bin/eosio-ld  -v CMakeFiles/cmTC_bce16.dir/CMakeCXXCompilerABI.cpp.obj -o cmTC_bce16.wasm 
eosio-ld: Unknown command line argument '-v'.  Try: '//usr/local/bin/eosio-ld -help'
eosio-ld: Did you mean '-L'?
make[4]: *** [cmTC_bce16.wasm] Error 1
make[3]: *** [cmTC_bce16/fast] Error 2




